#
# A fatal error has been detected by the Java Runtime Environment:
#
#  EXCEPTION_IN_PAGE_ERROR (0xc0000006) at pc=0x00000000038fdd68, pid=3124, tid=0x0000000000001320
#
# JRE version: OpenJDK Runtime Environment (8.0_152-b02) (build 1.8.0_152-release-1024-b02)
# Java VM: OpenJDK 64-Bit Server VM (25.152-b02 mixed mode windows-amd64 compressed oops)
# Problematic frame:
# J 7697 C2 com.sun.tools.javac.util.UnsharedNameTable.fromUtf([BII)Lcom/sun/tools/javac/util/Name; (232 bytes) @ 0x00000000038fdd68 [0x00000000038fd9a0+0x3c8]
#
# Failed to write core dump. Minidumps are not enabled by default on client versions of Windows
#
# If you would like to submit a bug report, please visit:
#   http://bugreport.java.com/bugreport/crash.jsp
#

---------------  T H R E A D  ---------------

Current thread (0x000000001d0a0800):  JavaThread "Task worker for ':' Thread 2" [_thread_in_Java, id=4896, stack(0x00000000251e0000,0x00000000252e0000)]

siginfo: ExceptionCode=0xc0000006, ExceptionInformation=0x0000000000000001 0x00000000e0655000 0x00000000c000003f 

Registers:
RAX=0x0000000000000000, RBX=0x0000000000003738, RCX=0x0000000000000001, RDX=0x0000000000000031
RSP=0x00000000252dbf30, RBP=0x00000000e0654fc0, RSI=0x0000000000000031, RDI=0x00000000e0655000
R8 =0x0000000000000031, R9 =0x00000000e0654f88, R10=0x00000000e0654f78, R11=0x00000000e0655008
R12=0x0000000000000000, R13=0x000000000000dce0, R14=0x00000000e06018e0, R15=0x000000001d0a0800
RIP=0x00000000038fdd68, EFLAGS=0x0000000000010246

Top of Stack: (sp=0x00000000252dbf30)
0x00000000252dbf30:   00000000252dbfc0 00000000e0540b50
0x00000000252dbf40:   000000001d0a0800 0000000002b5bc39
0x00000000252dbf50:   00000000e063e410 0000000002b5bc39
0x00000000252dbf60:   00000000231ae388 0000000000000031
0x00000000252dbf70:   00000000f59d7360 00000000e0654838
0x00000000252dbf80:   00000000e0654f40 000000000419315c
0x00000000252dbf90:   0000000000000000 00000000f5617038
0x00000000252dbfa0:   000000001d0a0800 00000000a31dcf50
0x00000000252dbfb0:   00000000e0654f78 0000000005a069b8
0x00000000252dbfc0:   00000000e0650dd8 00000000042b1274
0x00000000252dbfd0:   00000000e0654f40 00000000a1f70a18
0x00000000252dbfe0:   00000000f5a1b168 00000000e0654e38
0x00000000252dbff0:   0000002100000063 0000003100000021
0x00000000252dc000:   00000000e0654f40 00000000e0540b88
0x00000000252dc010:   00000037a31dc330 0000000000000037
0x00000000252dc020:   000000000000002e 00000000e0540b50 

Instructions: (pc=0x00000000038fdd68)
0x00000000038fdd48:   18 83 40 01 00 00 48 8b fd 48 83 c7 10 41 0f 18
0x00000000038fdd58:   83 80 01 00 00 48 c1 e9 03 48 83 c1 fe 48 33 c0
0x00000000038fdd68:   f3 48 ab 45 8b 5a 0c 44 8b 44 24 3c 45 85 c0 0f
0x00000000038fdd78:   8c bf 03 00 00 c4 c1 79 7e c9 45 3b d9 0f 82 b1 


Register to memory mapping:

RAX=0x0000000000000000 is an unknown value
RBX=0x0000000000003738 is an unknown value
RCX=0x0000000000000001 is an unknown value
RDX=0x0000000000000031 is an unknown value
RSP=0x00000000252dbf30 is pointing into the stack for thread: 0x000000001d0a0800
RBP=0x00000000e0654fc0 is an oop
[B 
 - klass: {type array byte}
 - length: 49
RSI=0x0000000000000031 is an unknown value
RDI=